# JRE version: OpenJDK Runtime Environment Temurin-21.0.8+9 (21.0.8+9) (build 21.0.8+9-LTS)
# Java VM: OpenJDK 64-Bit Server VM Temurin-21.0.8+9 (21.0.8+9-LTS, mixed mode, sharing, tiered, compressed oops, compressed class ptrs, parallel gc, windows-amd64)
GC Precious Log:
 CardTable entry size: 512
 CPUs: 8 total, 8 available
 Memory: 16126M
 Large Page Support: Disabled
 NUMA Support: Disabled
 Compressed Oops: Enabled (32-bit)
 Alignments: Space 512K, Generation 512K, Heap 2M
 Heap Min Capacity: 100M
 Heap Initial Capacity: 100M
 Heap Max Capacity: 2G
 Pre-touch: Disabled
 Parallel Workers: 8
Heap:
 PSYoungGen      total 4608K, used 3896K [0x00000000d5580000, 0x00000000d5d00000, 0x0000000100000000)
  eden space 4096K, 87% used [0x00000000d5580000,0x00000000d58fe308,0x00000000d5980000)
  from space 512K, 62% used [0x00000000d5c00000,0x00000000d5c50000,0x00000000d5c80000)
  to   space 512K, 0% used [0x00000000d5c80000,0x00000000d5c80000,0x00000000d5d00000)
 ParOldGen       total 123392K, used 81349K [0x0000000080000000, 0x0000000087880000, 0x00000000d5580000)
  object space 123392K, 65% used [0x0000000080000000,0x0000000084f714d8,0x0000000087880000)
 Metaspace       used 58723K, committed 59968K, reserved 1114112K
  class space    used 6204K, committed 6720K, reserved 1048576K
GC Heap History (20 events):
Event: 1916.385 GC heap before
{Heap before GC invocations=173 (full 3):
 PSYoungGen      total 4608K, used 4320K [0x00000000d5580000, 0x00000000d5d00000, 0x0000000100000000)
  eden space 4096K, 100% used [0x00000000d5580000,0x00000000d5980000,0x00000000d5980000)
  from space 512K, 43% used [0x00000000d5c00000,0x00000000d5c38000,0x00000000d5c80000)
  to   space 512K, 0% used [0x00000000d5c80000,0x00000000d5c80000,0x00000000d5d00000)
 ParOldGen       total 123392K, used 80989K [0x0000000080000000, 0x0000000087880000, 0x00000000d5580000)
  object space 123392K, 65% used [0x0000000080000000,0x0000000084f174d8,0x0000000087880000)
 Metaspace       used 58692K, committed 59904K, reserved 1114112K
  class space    used 6204K, committed 6720K, reserved 1048576K
}
Event: 1916.386 GC heap after
{Heap after GC invocations=173 (full 3):
 PSYoungGen      total 4608K, used 160K [0x00000000d5580000, 0x00000000d5d00000, 0x0000000100000000)
  eden space 4096K, 0% used [0x00000000d5580000,0x00000000d5580000,0x00000000d5980000)
  from space 512K, 31% used [0x00000000d5c80000,0x00000000d5ca8000,0x00000000d5d00000)
  to   space 512K, 0% used [0x00000000d5c00000,0x00000000d5c00000,0x00000000d5c80000)
 ParOldGen       total 123392K, used 81021K [0x0000000080000000, 0x0000000087880000, 0x00000000d5580000)
  object space 123392K, 65% used [0x0000000080000000,0x0000000084f1f4d8,0x0000000087880000)
 Metaspace       used 58692K, committed 59904K, reserved 1114112K
  class space    used 6204K, committed 6720K, reserved 1048576K
}
Event: 1916.732 GC heap before
{Heap before GC invocations=174 (full 3):
 PSYoungGen      total 4608K, used 4256K [0x00000000d5580000, 0x00000000d5d00000, 0x0000000100000000)
  eden space 4096K, 100% used [0x00000000d5580000,0x00000000d5980000,0x00000000d5980000)
  from space 512K, 31% used [0x00000000d5c80000,0x00000000d5ca8000,0x00000000d5d00000)
  to   space 512K, 0% used [0x00000000d5c00000,0x00000000d5c00000,0x00000000d5c80000)
 ParOldGen       total 123392K, used 81021K [0x0000000080000000, 0x0000000087880000, 0x00000000d5580000)
  object space 123392K, 65% used [0x0000000080000000,0x0000000084f1f4d8,0x0000000087880000)
 Metaspace       used 58696K, committed 59904K, reserved 1114112K
  class space    used 6204K, committed 6720K, reserved 1048576K
}
Event: 1916.734 GC heap after
{Heap after GC invocations=174 (full 3):
 PSYoungGen      total 4608K, used 160K [0x00000000d5580000, 0x00000000d5d00000, 0x0000000100000000)
  eden space 4096K, 0% used [0x00000000d5580000,0x00000000d5580000,0x00000000d5980000)
  from space 512K, 31% used [0x00000000d5c00000,0x00000000d5c28000,0x00000000d5c80000)
  to   space 512K, 0% used [0x00000000d5c80000,0x00000000d5c80000,0x00000000d5d00000)
 ParOldGen       total 123392K, used 81037K [0x0000000080000000, 0x0000000087880000, 0x00000000d5580000)
  object space 123392K, 65% used [0x0000000080000000,0x0000000084f234d8,0x0000000087880000)
 Metaspace       used 58696K, committed 59904K, reserved 1114112K
  class space    used 6204K, committed 6720K, reserved 1048576K
}
Event: 1917.130 GC heap before
{Heap before GC invocations=175 (full 3):
 PSYoungGen      total 4608K, used 4256K [0x00000000d5580000, 0x00000000d5d00000, 0x0000000100000000)
  eden space 4096K, 100% used [0x00000000d5580000,0x00000000d5980000,0x00000000d5980000)
  from space 512K, 31% used [0x00000000d5c00000,0x00000000d5c28000,0x00000000d5c80000)
  to   space 512K, 0% used [0x00000000d5c80000,0x00000000d5c80000,0x00000000d5d00000)
 ParOldGen       total 123392K, used 81037K [0x0000000080000000, 0x0000000087880000, 0x00000000d5580000)
  object space 123392K, 65% used [0x0000000080000000,0x0000000084f234d8,0x0000000087880000)
 Metaspace       used 58696K, committed 59904K, reserved 1114112K
  class space    used 6204K, committed 6720K, reserved 1048576K
}
Event: 1917.131 GC heap after
{Heap after GC invocations=175 (full 3):
 PSYoungGen      total 4608K, used 128K [0x00000000d5580000, 0x00000000d5d00000, 0x0000000100000000)
  eden space 4096K, 0% used [0x00000000d5580000,0x00000000d5580000,0x00000000d5980000)
  from space 512K, 25% used [0x00000000d5c80000,0x00000000d5ca0000,0x00000000d5d00000)
  to   space 512K, 0% used [0x00000000d5c00000,0x00000000d5c00000,0x00000000d5c80000)
 ParOldGen       total 123392K, used 81069K [0x0000000080000000, 0x0000000087880000, 0x00000000d5580000)
  object space 123392K, 65% used [0x0000000080000000,0x0000000084f2b4d8,0x0000000087880000)
 Metaspace       used 58696K, committed 59904K, reserved 1114112K
  class space    used 6204K, committed 6720K, reserved 1048576K
}
Event: 1917.253 GC heap before
{Heap before GC invocations=176 (full 3):
 PSYoungGen      total 4608K, used 4224K [0x00000000d5580000, 0x00000000d5d00000, 0x0000000100000000)
  eden space 4096K, 100% used [0x00000000d5580000,0x00000000d5980000,0x00000000d5980000)
  from space 512K, 25% used [0x00000000d5c80000,0x00000000d5ca0000,0x00000000d5d00000)
  to   space 512K, 0% used [0x00000000d5c00000,0x00000000d5c00000,0x00000000d5c80000)
 ParOldGen       total 123392K, used 81069K [0x0000000080000000, 0x0000000087880000, 0x00000000d5580000)
  object space 123392K, 65% used [0x0000000080000000,0x0000000084f2b4d8,0x0000000087880000)
 Metaspace       used 58696K, committed 59904K, reserved 1114112K
  class space    used 6204K, committed 6720K, reserved 1048576K
}
Event: 1917.254 GC heap after
{Heap after GC invocations=176 (full 3):
 PSYoungGen      total 4608K, used 224K [0x00000000d5580000, 0x00000000d5d00000, 0x0000000100000000)
  eden space 4096K, 0% used [0x00000000d5580000,0x00000000d5580000,0x00000000d5980000)
  from space 512K, 43% used [0x00000000d5c00000,0x00000000d5c38000,0x00000000d5c80000)
  to   space 512K, 0% used [0x00000000d5c80000,0x00000000d5c80000,0x00000000d5d00000)
 ParOldGen       total 123392K, used 81085K [0x0000000080000000, 0x0000000087880000, 0x00000000d5580000)
  object space 123392K, 65% used [0x0000000080000000,0x0000000084f2f4d8,0x0000000087880000)
 Metaspace       used 58696K, committed 59904K, reserved 1114112K
  class space    used 6204K, committed 6720K, reserved 1048576K
}
Event: 1917.351 GC heap before
{Heap before GC invocations=177 (full 3):
 PSYoungGen      total 4608K, used 4320K [0x00000000d5580000, 0x00000000d5d00000, 0x0000000100000000)
  eden space 4096K, 100% used [0x00000000d5580000,0x00000000d5980000,0x00000000d5980000)
  from space 512K, 43% used [0x00000000d5c00000,0x00000000d5c38000,0x00000000d5c80000)
  to   space 512K, 0% used [0x00000000d5c80000,0x00000000d5c80000,0x00000000d5d00000)
 ParOldGen       total 123392K, used 81085K [0x0000000080000000, 0x0000000087880000, 0x00000000d5580000)
  object space 123392K, 65% used [0x0000000080000000,0x0000000084f2f4d8,0x0000000087880000)
 Metaspace       used 58696K, committed 59904K, reserved 1114112K
  class space    used 6204K, committed 6720K, reserved 1048576K
}
Event: 1917.352 GC heap after
{Heap after GC invocations=177 (full 3):
 PSYoungGen      total 4608K, used 160K [0x00000000d5580000, 0x00000000d5d00000, 0x0000000100000000)
  eden space 4096K, 0% used [0x00000000d5580000,0x00000000d5580000,0x00000000d5980000)
  from space 512K, 31% used [0x00000000d5c80000,0x00000000d5ca8000,0x00000000d5d00000)
  to   space 512K, 0% used [0x00000000d5c00000,0x00000000d5c00000,0x00000000d5c80000)
 ParOldGen       total 123392K, used 81125K [0x0000000080000000, 0x0000000087880000, 0x00000000d5580000)
  object space 123392K, 65% used [0x0000000080000000,0x0000000084f394d8,0x0000000087880000)
 Metaspace       used 58696K, committed 59904K, reserved 1114112K
  class space    used 6204K, committed 6720K, reserved 1048576K
}
Event: 1917.490 GC heap before
{Heap before GC invocations=178 (full 3):
 PSYoungGen      total 4608K, used 4256K [0x00000000d5580000, 0x00000000d5d00000, 0x0000000100000000)
  eden space 4096K, 100% used [0x00000000d5580000,0x00000000d5980000,0x00000000d5980000)
  from space 512K, 31% used [0x00000000d5c80000,0x00000000d5ca8000,0x00000000d5d00000)
  to   space 512K, 0% used [0x00000000d5c00000,0x00000000d5c00000,0x00000000d5c80000)
 ParOldGen       total 123392K, used 81125K [0x0000000080000000, 0x0000000087880000, 0x00000000d5580000)
  object space 123392K, 65% used [0x0000000080000000,0x0000000084f394d8,0x0000000087880000)
 Metaspace       used 58696K, committed 59904K, reserved 1114112K
  class space    used 6204K, committed 6720K, reserved 1048576K
}
Event: 1917.491 GC heap after
{Heap after GC invocations=178 (full 3):
 PSYoungGen      total 4608K, used 192K [0x00000000d5580000, 0x00000000d5d00000, 0x0000000100000000)
  eden space 4096K, 0% used [0x00000000d5580000,0x00000000d5580000,0x00000000d5980000)
  from space 512K, 37% used [0x00000000d5c00000,0x00000000d5c30000,0x00000000d5c80000)
  to   space 512K, 0% used [0x00000000d5c80000,0x00000000d5c80000,0x00000000d5d00000)
 ParOldGen       total 123392K, used 81149K [0x0000000080000000, 0x0000000087880000, 0x00000000d5580000)
  object space 123392K, 65% used [0x0000000080000000,0x0000000084f3f4d8,0x0000000087880000)
 Metaspace       used 58696K, committed 59904K, reserved 1114112K
  class space    used 6204K, committed 6720K, reserved 1048576K
}
Event: 1917.633 GC heap before
{Heap before GC invocations=179 (full 3):
 PSYoungGen      total 4608K, used 4288K [0x00000000d5580000, 0x00000000d5d00000, 0x0000000100000000)
  eden space 4096K, 100% used [0x00000000d5580000,0x00000000d5980000,0x00000000d5980000)
  from space 512K, 37% used [0x00000000d5c00000,0x00000000d5c30000,0x00000000d5c80000)
  to   space 512K, 0% used [0x00000000d5c80000,0x00000000d5c80000,0x00000000d5d00000)
 ParOldGen       total 123392K, used 81149K [0x0000000080000000, 0x0000000087880000, 0x00000000d5580000)
  object space 123392K, 65% used [0x0000000080000000,0x0000000084f3f4d8,0x0000000087880000)
 Metaspace       used 58696K, committed 59904K, reserved 1114112K
  class space    used 6204K, committed 6720K, reserved 1048576K
}
Event: 1917.634 GC heap after
{Heap after GC invocations=179 (full 3):
 PSYoungGen      total 4608K, used 160K [0x00000000d5580000, 0x00000000d5d00000, 0x0000000100000000)
  eden space 4096K, 0% used [0x00000000d5580000,0x00000000d5580000,0x00000000d5980000)
  from space 512K, 31% used [0x00000000d5c80000,0x00000000d5ca8000,0x00000000d5d00000)
  to   space 512K, 0% used [0x00000000d5c00000,0x00000000d5c00000,0x00000000d5c80000)
 ParOldGen       total 123392K, used 81173K [0x0000000080000000, 0x0000000087880000, 0x00000000d5580000)
  object space 123392K, 65% used [0x0000000080000000,0x0000000084f454d8,0x0000000087880000)
 Metaspace       used 58696K, committed 59904K, reserved 1114112K
  class space    used 6204K, committed 6720K, reserved 1048576K
}
Event: 1918.000 GC heap before
{Heap before GC invocations=180 (full 3):
 PSYoungGen      total 4608K, used 4252K [0x00000000d5580000, 0x00000000d5d00000, 0x0000000100000000)
  eden space 4096K, 99% used [0x00000000d5580000,0x00000000d597f060,0x00000000d5980000)
  from space 512K, 31% used [0x00000000d5c80000,0x00000000d5ca8000,0x00000000d5d00000)
  to   space 512K, 0% used [0x00000000d5c00000,0x00000000d5c00000,0x00000000d5c80000)
 ParOldGen       total 123392K, used 81173K [0x0000000080000000, 0x0000000087880000, 0x00000000d5580000)
  object space 123392K, 65% used [0x0000000080000000,0x0000000084f454d8,0x0000000087880000)
 Metaspace       used 58696K, committed 59904K, reserved 1114112K
  class space    used 6204K, committed 6720K, reserved 1048576K
}
Event: 1918.001 GC heap after
{Heap after GC invocations=180 (full 3):
 PSYoungGen      total 4608K, used 224K [0x00000000d5580000, 0x00000000d5d00000, 0x0000000100000000)
  eden space 4096K, 0% used [0x00000000d5580000,0x00000000d5580000,0x00000000d5980000)
  from space 512K, 43% used [0x00000000d5c00000,0x00000000d5c38000,0x00000000d5c80000)
  to   space 512K, 0% used [0x00000000d5c80000,0x00000000d5c80000,0x00000000d5d00000)
 ParOldGen       total 123392K, used 81205K [0x0000000080000000, 0x0000000087880000, 0x00000000d5580000)
  object space 123392K, 65% used [0x0000000080000000,0x0000000084f4d4d8,0x0000000087880000)
 Metaspace       used 58696K, committed 59904K, reserved 1114112K
  class space    used 6204K, committed 6720K, reserved 1048576K
}
Event: 1918.153 GC heap before
{Heap before GC invocations=181 (full 3):
 PSYoungGen      total 4608K, used 4319K [0x00000000d5580000, 0x00000000d5d00000, 0x0000000100000000)
  eden space 4096K, 99% used [0x00000000d5580000,0x00000000d597fff0,0x00000000d5980000)
  from space 512K, 43% used [0x00000000d5c00000,0x00000000d5c38000,0x00000000d5c80000)
  to   space 512K, 0% used [0x00000000d5c80000,0x00000000d5c80000,0x00000000d5d00000)
 ParOldGen       total 123392K, used 81205K [0x0000000080000000, 0x0000000087880000, 0x00000000d5580000)
  object space 123392K, 65% used [0x0000000080000000,0x0000000084f4d4d8,0x0000000087880000)
 Metaspace       used 58700K, committed 59904K, reserved 1114112K
  class space    used 6204K, committed 6720K, reserved 1048576K
}
Event: 1918.154 GC heap after
{Heap after GC invocations=181 (full 3):
 PSYoungGen      total 4608K, used 256K [0x00000000d5580000, 0x00000000d5d00000, 0x0000000100000000)
  eden space 4096K, 0% used [0x00000000d5580000,0x00000000d5580000,0x00000000d5980000)
  from space 512K, 50% used [0x00000000d5c80000,0x00000000d5cc0000,0x00000000d5d00000)
  to   space 512K, 0% used [0x00000000d5c00000,0x00000000d5c00000,0x00000000d5c80000)
 ParOldGen       total 123392K, used 81229K [0x0000000080000000, 0x0000000087880000, 0x00000000d5580000)
  object space 123392K, 65% used [0x0000000080000000,0x0000000084f534d8,0x0000000087880000)
 Metaspace       used 58700K, committed 59904K, reserved 1114112K
  class space    used 6204K, committed 6720K, reserved 1048576K
}
Event: 1918.902 GC heap before
{Heap before GC invocations=182 (full 3):
 PSYoungGen      total 4608K, used 4351K [0x00000000d5580000, 0x00000000d5d00000, 0x0000000100000000)
  eden space 4096K, 99% used [0x00000000d5580000,0x00000000d597fff8,0x00000000d5980000)
  from space 512K, 50% used [0x00000000d5c80000,0x00000000d5cc0000,0x00000000d5d00000)
  to   space 512K, 0% used [0x00000000d5c00000,0x00000000d5c00000,0x00000000d5c80000)
 ParOldGen       total 123392K, used 81229K [0x0000000080000000, 0x0000000087880000, 0x00000000d5580000)
  object space 123392K, 65% used [0x0000000080000000,0x0000000084f534d8,0x0000000087880000)
 Metaspace       used 58712K, committed 59968K, reserved 1114112K
  class space    used 6204K, committed 6720K, reserved 1048576K
}
Event: 1918.904 GC heap after
{Heap after GC invocations=182 (full 3):
 PSYoungGen      total 4608K, used 320K [0x00000000d5580000, 0x00000000d5d00000, 0x0000000100000000)
  eden space 4096K, 0% used [0x00000000d5580000,0x00000000d5580000,0x00000000d5980000)
  from space 512K, 62% used [0x00000000d5c00000,0x00000000d5c50000,0x00000000d5c80000)
  to   space 512K, 0% used [0x00000000d5c80000,0x00000000d5c80000,0x00000000d5d00000)
 ParOldGen       total 123392K, used 81349K [0x0000000080000000, 0x0000000087880000, 0x00000000d5580000)
  object space 123392K, 65% used [0x0000000080000000,0x0000000084f714d8,0x0000000087880000)
 Metaspace       used 58712K, committed 59968K, reserved 1114112K
  class space    used 6204K, committed 6720K, reserved 1048576K
}

